This file contains any messages produced by compilers while
running configure, to aid debugging if configure makes a mistake.

It was created by manticore configure 0.0.1, which was
generated by GNU Autoconf 2.69.  Invocation command line was

  $ ./configure 

## --------- ##
## Platform. ##
## --------- ##

hostname = Lappy
uname -m = x86_64
uname -r = 4.4.0-31-generic
uname -s = Linux
uname -v = #50-Ubuntu SMP Wed Jul 13 00:07:12 UTC 2016

/usr/bin/uname -p = unknown
/bin/uname -X     = unknown

/bin/arch              = unknown
/usr/bin/arch -k       = unknown
/usr/convex/getsysinfo = unknown
/usr/bin/hostinfo      = unknown
/bin/machine           = unknown
/usr/bin/oslevel       = unknown
/bin/universe          = unknown

PATH: /opt/cross/bin
PATH: /usr/local/sbin
PATH: /usr/local/bin
PATH: /usr/sbin
PATH: /usr/bin
PATH: /sbin
PATH: /bin
PATH: /usr/games
PATH: /usr/local/games
PATH: /snap/bin


## ----------- ##
## Core tests. ##
## ----------- ##

configure:2099: checking for a BSD-compatible install
configure:2167: result: /usr/bin/install -c
configure:2178: checking whether build environment is sane
configure:2233: result: yes
configure:2384: checking for a thread-safe mkdir -p
configure:2423: result: /bin/mkdir -p
configure:2430: checking for gawk
configure:2460: result: no
configure:2430: checking for mawk
configure:2446: found /usr/bin/mawk
configure:2457: result: mawk
configure:2468: checking whether make sets $(MAKE)
configure:2490: result: yes
configure:2519: checking whether make supports nested variables
configure:2536: result: yes
configure:2726: checking for g++
configure:2742: found /usr/bin/g++
configure:2753: result: g++
configure:2780: checking for C++ compiler version
configure:2789: g++ --version >&5
g++ (Ubuntu 5.3.1-14ubuntu2.1) 5.3.1 20160413
Copyright (C) 2015 Free Software Foundation, Inc.
This is free software; see the source for copying conditions.  There is NO
warranty; not even for MERCHANTABILITY or FITNESS FOR A PARTICULAR PURPOSE.

configure:2800: $? = 0
configure:2789: g++ -v >&5
Using built-in specs.
COLLECT_GCC=g++
COLLECT_LTO_WRAPPER=/usr/lib/gcc/x86_64-linux-gnu/5/lto-wrapper
Target: x86_64-linux-gnu
Configured with: ../src/configure -v --with-pkgversion='Ubuntu 5.3.1-14ubuntu2.1' --with-bugurl=file:///usr/share/doc/gcc-5/README.Bugs --enable-languages=c,ada,c++,java,go,d,fortran,objc,obj-c++ --prefix=/usr --program-suffix=-5 --enable-shared --enable-linker-build-id --libexecdir=/usr/lib --without-included-gettext --enable-threads=posix --libdir=/usr/lib --enable-nls --with-sysroot=/ --enable-clocale=gnu --enable-libstdcxx-debug --enable-libstdcxx-time=yes --with-default-libstdcxx-abi=new --enable-gnu-unique-object --disable-vtable-verify --enable-libmpx --enable-plugin --with-system-zlib --disable-browser-plugin --enable-java-awt=gtk --enable-gtk-cairo --with-java-home=/usr/lib/jvm/java-1.5.0-gcj-5-amd64/jre --enable-java-home --with-jvm-root-dir=/usr/lib/jvm/java-1.5.0-gcj-5-amd64 --with-jvm-jar-dir=/usr/lib/jvm-exports/java-1.5.0-gcj-5-amd64 --with-arch-directory=amd64 --with-ecj-jar=/usr/share/java/eclipse-ecj.jar --enable-objc-gc --enable-multiarch --disable-werror --with-arch-32=i686 --with-abi=m64 --with-multilib-list=m32,m64,mx32 --enable-multilib --with-tune=generic --enable-checking=release --build=x86_64-linux-gnu --host=x86_64-linux-gnu --target=x86_64-linux-gnu
Thread model: posix
gcc version 5.3.1 20160413 (Ubuntu 5.3.1-14ubuntu2.1) 
configure:2800: $? = 0
configure:2789: g++ -V >&5
g++: error: unrecognized command line option '-V'
g++: fatal error: no input files
compilation terminated.
configure:2800: $? = 1
configure:2789: g++ -qversion >&5
g++: error: unrecognized command line option '-qversion'
g++: fatal error: no input files
compilation terminated.
configure:2800: $? = 1
configure:2820: checking whether the C++ compiler works
configure:2842: g++    conftest.cpp  >&5
configure:2846: $? = 0
configure:2894: result: yes
configure:2897: checking for C++ compiler default output file name
configure:2899: result: a.out
configure:2905: checking for suffix of executables
configure:2912: g++ -o conftest    conftest.cpp  >&5
configure:2916: $? = 0
configure:2938: result: 
configure:2960: checking whether we are cross compiling
configure:2968: g++ -o conftest    conftest.cpp  >&5
configure:2972: $? = 0
configure:2979: ./conftest
configure:2983: $? = 0
configure:2998: result: no
configure:3003: checking for suffix of object files
configure:3025: g++ -c   conftest.cpp >&5
configure:3029: $? = 0
configure:3050: result: o
configure:3054: checking whether we are using the GNU C++ compiler
configure:3073: g++ -c   conftest.cpp >&5
configure:3073: $? = 0
configure:3082: result: yes
configure:3091: checking whether g++ accepts -g
configure:3111: g++ -c -g  conftest.cpp >&5
configure:3111: $? = 0
configure:3152: result: yes
configure:3186: checking for style of include used by make
configure:3214: result: GNU
configure:3240: checking dependency style of g++
configure:3351: result: gcc3
configure:3414: checking for gcc
configure:3430: found /usr/bin/gcc
configure:3441: result: gcc
configure:3670: checking for C compiler version
configure:3679: gcc --version >&5
gcc (Ubuntu 5.3.1-14ubuntu2.1) 5.3.1 20160413
Copyright (C) 2015 Free Software Foundation, Inc.
This is free software; see the source for copying conditions.  There is NO
warranty; not even for MERCHANTABILITY or FITNESS FOR A PARTICULAR PURPOSE.

configure:3690: $? = 0
configure:3679: gcc -v >&5
Using built-in specs.
COLLECT_GCC=gcc
COLLECT_LTO_WRAPPER=/usr/lib/gcc/x86_64-linux-gnu/5/lto-wrapper
Target: x86_64-linux-gnu
Configured with: ../src/configure -v --with-pkgversion='Ubuntu 5.3.1-14ubuntu2.1' --with-bugurl=file:///usr/share/doc/gcc-5/README.Bugs --enable-languages=c,ada,c++,java,go,d,fortran,objc,obj-c++ --prefix=/usr --program-suffix=-5 --enable-shared --enable-linker-build-id --libexecdir=/usr/lib --without-included-gettext --enable-threads=posix --libdir=/usr/lib --enable-nls --with-sysroot=/ --enable-clocale=gnu --enable-libstdcxx-debug --enable-libstdcxx-time=yes --with-default-libstdcxx-abi=new --enable-gnu-unique-object --disable-vtable-verify --enable-libmpx --enable-plugin --with-system-zlib --disable-browser-plugin --enable-java-awt=gtk --enable-gtk-cairo --with-java-home=/usr/lib/jvm/java-1.5.0-gcj-5-amd64/jre --enable-java-home --with-jvm-root-dir=/usr/lib/jvm/java-1.5.0-gcj-5-amd64 --with-jvm-jar-dir=/usr/lib/jvm-exports/java-1.5.0-gcj-5-amd64 --with-arch-directory=amd64 --with-ecj-jar=/usr/share/java/eclipse-ecj.jar --enable-objc-gc --enable-multiarch --disable-werror --with-arch-32=i686 --with-abi=m64 --with-multilib-list=m32,m64,mx32 --enable-multilib --with-tune=generic --enable-checking=release --build=x86_64-linux-gnu --host=x86_64-linux-gnu --target=x86_64-linux-gnu
Thread model: posix
gcc version 5.3.1 20160413 (Ubuntu 5.3.1-14ubuntu2.1) 
configure:3690: $? = 0
configure:3679: gcc -V >&5
gcc: error: unrecognized command line option '-V'
gcc: fatal error: no input files
compilation terminated.
configure:3690: $? = 1
configure:3679: gcc -qversion >&5
gcc: error: unrecognized command line option '-qversion'
gcc: fatal error: no input files
compilation terminated.
configure:3690: $? = 1
configure:3694: checking whether we are using the GNU C compiler
configure:3713: gcc -c   conftest.c >&5
configure:3713: $? = 0
configure:3722: result: yes
configure:3731: checking whether gcc accepts -g
configure:3751: gcc -c -g  conftest.c >&5
configure:3751: $? = 0
configure:3792: result: yes
configure:3809: checking for gcc option to accept ISO C89
configure:3872: gcc  -c -g -O2  conftest.c >&5
configure:3872: $? = 0
configure:3885: result: none needed
configure:3910: checking whether gcc understands -c and -o together
configure:3932: gcc -c conftest.c -o conftest2.o
configure:3935: $? = 0
configure:3932: gcc -c conftest.c -o conftest2.o
configure:3935: $? = 0
configure:3947: result: yes
configure:3966: checking dependency style of gcc
configure:4077: result: gcc3
configure:4104: checking how to run the C preprocessor
configure:4135: gcc -E  conftest.c
configure:4135: $? = 0
configure:4149: gcc -E  conftest.c
conftest.c:11:28: fatal error: ac_nonexistent.h: No such file or directory
compilation terminated.
configure:4149: $? = 1
configure: failed program was:
| /* confdefs.h */
| #define PACKAGE_NAME "manticore"
| #define PACKAGE_TARNAME "manticore"
| #define PACKAGE_VERSION "0.0.1"
| #define PACKAGE_STRING "manticore 0.0.1"
| #define PACKAGE_BUGREPORT "https://github.com/noahmitch/Manticore/issues"
| #define PACKAGE_URL ""
| #define PACKAGE "manticore"
| #define VERSION "0.0.1"
| /* end confdefs.h.  */
| #include <ac_nonexistent.h>
configure:4174: result: gcc -E
configure:4194: gcc -E  conftest.c
configure:4194: $? = 0
configure:4208: gcc -E  conftest.c
conftest.c:11:28: fatal error: ac_nonexistent.h: No such file or directory
compilation terminated.
configure:4208: $? = 1
configure: failed program was:
| /* confdefs.h */
| #define PACKAGE_NAME "manticore"
| #define PACKAGE_TARNAME "manticore"
| #define PACKAGE_VERSION "0.0.1"
| #define PACKAGE_STRING "manticore 0.0.1"
| #define PACKAGE_BUGREPORT "https://github.com/noahmitch/Manticore/issues"
| #define PACKAGE_URL ""
| #define PACKAGE "manticore"
| #define VERSION "0.0.1"
| /* end confdefs.h.  */
| #include <ac_nonexistent.h>
configure:4237: checking for grep that handles long lines and -e
configure:4295: result: /bin/grep
configure:4300: checking for egrep
configure:4362: result: /bin/grep -E
configure:4367: checking for ANSI C header files
configure:4387: gcc -c -g -O2  conftest.c >&5
configure:4387: $? = 0
configure:4460: gcc -o conftest -g -O2   conftest.c  >&5
configure:4460: $? = 0
configure:4460: ./conftest
configure:4460: $? = 0
configure:4471: result: yes
configure:4484: checking for sys/types.h
configure:4484: gcc -c -g -O2  conftest.c >&5
configure:4484: $? = 0
configure:4484: result: yes
configure:4484: checking for sys/stat.h
configure:4484: gcc -c -g -O2  conftest.c >&5
configure:4484: $? = 0
configure:4484: result: yes
configure:4484: checking for stdlib.h
configure:4484: gcc -c -g -O2  conftest.c >&5
configure:4484: $? = 0
configure:4484: result: yes
configure:4484: checking for string.h
configure:4484: gcc -c -g -O2  conftest.c >&5
configure:4484: $? = 0
configure:4484: result: yes
configure:4484: checking for memory.h
configure:4484: gcc -c -g -O2  conftest.c >&5
configure:4484: $? = 0
configure:4484: result: yes
configure:4484: checking for strings.h
configure:4484: gcc -c -g -O2  conftest.c >&5
configure:4484: $? = 0
configure:4484: result: yes
configure:4484: checking for inttypes.h
configure:4484: gcc -c -g -O2  conftest.c >&5
configure:4484: $? = 0
configure:4484: result: yes
configure:4484: checking for stdint.h
configure:4484: gcc -c -g -O2  conftest.c >&5
configure:4484: $? = 0
configure:4484: result: yes
configure:4484: checking for unistd.h
configure:4484: gcc -c -g -O2  conftest.c >&5
configure:4484: $? = 0
configure:4484: result: yes
configure:4496: checking for stdbool.h that conforms to C99
configure:4563: gcc -c -g -O2  conftest.c >&5
configure:4563: $? = 0
configure:4570: result: yes
configure:4572: checking for _Bool
configure:4572: gcc -c -g -O2  conftest.c >&5
configure:4572: $? = 0
configure:4572: gcc -c -g -O2  conftest.c >&5
conftest.c: In function 'main':
conftest.c:57:20: error: expected expression before ')' token
 if (sizeof ((_Bool)))
                    ^
configure:4572: $? = 1
configure: failed program was:
| /* confdefs.h */
| #define PACKAGE_NAME "manticore"
| #define PACKAGE_TARNAME "manticore"
| #define PACKAGE_VERSION "0.0.1"
| #define PACKAGE_STRING "manticore 0.0.1"
| #define PACKAGE_BUGREPORT "https://github.com/noahmitch/Manticore/issues"
| #define PACKAGE_URL ""
| #define PACKAGE "manticore"
| #define VERSION "0.0.1"
| #define STDC_HEADERS 1
| #define HAVE_SYS_TYPES_H 1
| #define HAVE_SYS_STAT_H 1
| #define HAVE_STDLIB_H 1
| #define HAVE_STRING_H 1
| #define HAVE_MEMORY_H 1
| #define HAVE_STRINGS_H 1
| #define HAVE_INTTYPES_H 1
| #define HAVE_STDINT_H 1
| #define HAVE_UNISTD_H 1
| /* end confdefs.h.  */
| #include <stdio.h>
| #ifdef HAVE_SYS_TYPES_H
| # include <sys/types.h>
| #endif
| #ifdef HAVE_SYS_STAT_H
| # include <sys/stat.h>
| #endif
| #ifdef STDC_HEADERS
| # include <stdlib.h>
| # include <stddef.h>
| #else
| # ifdef HAVE_STDLIB_H
| #  include <stdlib.h>
| # endif
| #endif
| #ifdef HAVE_STRING_H
| # if !defined STDC_HEADERS && defined HAVE_MEMORY_H
| #  include <memory.h>
| # endif
| # include <string.h>
| #endif
| #ifdef HAVE_STRINGS_H
| # include <strings.h>
| #endif
| #ifdef HAVE_INTTYPES_H
| # include <inttypes.h>
| #endif
| #ifdef HAVE_STDINT_H
| # include <stdint.h>
| #endif
| #ifdef HAVE_UNISTD_H
| # include <unistd.h>
| #endif
| int
| main ()
| {
| if (sizeof ((_Bool)))
| 	    return 0;
|   ;
|   return 0;
| }
configure:4572: result: yes
configure:4583: checking for inline
configure:4599: gcc -c -g -O2  conftest.c >&5
configure:4599: $? = 0
configure:4607: result: inline
configure:4739: checking that generated files are newer than configure
configure:4745: result: done
configure:4772: creating ./config.status

## ---------------------- ##
## Running config.status. ##
## ---------------------- ##

This file was extended by manticore config.status 0.0.1, which was
generated by GNU Autoconf 2.69.  Invocation command line was

  CONFIG_FILES    = 
  CONFIG_HEADERS  = 
  CONFIG_LINKS    = 
  CONFIG_COMMANDS = 
  $ ./config.status 

on Lappy

config.status:861: creating Makefile
config.status:861: creating src/Makefile
config.status:861: creating config.h
config.status:1042: config.h is unchanged
config.status:1090: executing depfiles commands

## ---------------- ##
## Cache variables. ##
## ---------------- ##

ac_cv_c_compiler_gnu=yes
ac_cv_c_inline=inline
ac_cv_cxx_compiler_gnu=yes
ac_cv_env_CCC_set=
ac_cv_env_CCC_value=
ac_cv_env_CC_set=
ac_cv_env_CC_value=
ac_cv_env_CFLAGS_set=
ac_cv_env_CFLAGS_value=
ac_cv_env_CPPFLAGS_set=
ac_cv_env_CPPFLAGS_value=
ac_cv_env_CPP_set=
ac_cv_env_CPP_value=
ac_cv_env_CXXFLAGS_set=
ac_cv_env_CXXFLAGS_value=
ac_cv_env_CXX_set=
ac_cv_env_CXX_value=
ac_cv_env_LDFLAGS_set=
ac_cv_env_LDFLAGS_value=
ac_cv_env_LIBS_set=
ac_cv_env_LIBS_value=
ac_cv_env_build_alias_set=
ac_cv_env_build_alias_value=
ac_cv_env_host_alias_set=
ac_cv_env_host_alias_value=
ac_cv_env_target_alias_set=
ac_cv_env_target_alias_value=
ac_cv_header_inttypes_h=yes
ac_cv_header_memory_h=yes
ac_cv_header_stdbool_h=yes
ac_cv_header_stdc=yes
ac_cv_header_stdint_h=yes
ac_cv_header_stdlib_h=yes
ac_cv_header_string_h=yes
ac_cv_header_strings_h=yes
ac_cv_header_sys_stat_h=yes
ac_cv_header_sys_types_h=yes
ac_cv_header_unistd_h=yes
ac_cv_objext=o
ac_cv_path_EGREP='/bin/grep -E'
ac_cv_path_GREP=/bin/grep
ac_cv_path_install='/usr/bin/install -c'
ac_cv_path_mkdir=/bin/mkdir
ac_cv_prog_AWK=mawk
ac_cv_prog_CPP='gcc -E'
ac_cv_prog_ac_ct_CC=gcc
ac_cv_prog_ac_ct_CXX=g++
ac_cv_prog_cc_c89=
ac_cv_prog_cc_g=yes
ac_cv_prog_cxx_g=yes
ac_cv_prog_make_make_set=yes
ac_cv_type__Bool=yes
am_cv_CC_dependencies_compiler_type=gcc3
am_cv_CXX_dependencies_compiler_type=gcc3
am_cv_make_support_nested_variables=yes
am_cv_prog_cc_c_o=yes

## ----------------- ##
## Output variables. ##
## ----------------- ##

ACLOCAL='${SHELL} /home/rain/Desktop/Manticore/missing aclocal-1.15'
AMDEPBACKSLASH='\'
AMDEP_FALSE='#'
AMDEP_TRUE=''
AMTAR='$${TAR-tar}'
AM_BACKSLASH='\'
AM_DEFAULT_V='$(AM_DEFAULT_VERBOSITY)'
AM_DEFAULT_VERBOSITY='1'
AM_V='$(V)'
AUTOCONF='${SHELL} /home/rain/Desktop/Manticore/missing autoconf'
AUTOHEADER='${SHELL} /home/rain/Desktop/Manticore/missing autoheader'
AUTOMAKE='${SHELL} /home/rain/Desktop/Manticore/missing automake-1.15'
AWK='mawk'
CC='gcc'
CCDEPMODE='depmode=gcc3'
CFLAGS='-g -O2'
CPP='gcc -E'
CPPFLAGS=''
CXX='g++'
CXXDEPMODE='depmode=gcc3'
CXXFLAGS='-g -O2'
CYGPATH_W='echo'
DEFS='-DHAVE_CONFIG_H'
DEPDIR='.deps'
ECHO_C=''
ECHO_N='-n'
ECHO_T=''
EGREP='/bin/grep -E'
EXEEXT=''
GREP='/bin/grep'
INSTALL_DATA='${INSTALL} -m 644'
INSTALL_PROGRAM='${INSTALL}'
INSTALL_SCRIPT='${INSTALL}'
INSTALL_STRIP_PROGRAM='$(install_sh) -c -s'
LDFLAGS=''
LIBOBJS=''
LIBS=''
LTLIBOBJS=''
MAKEINFO='${SHELL} /home/rain/Desktop/Manticore/missing makeinfo'
MKDIR_P='/bin/mkdir -p'
OBJEXT='o'
PACKAGE='manticore'
PACKAGE_BUGREPORT='https://github.com/noahmitch/Manticore/issues'
PACKAGE_NAME='manticore'
PACKAGE_STRING='manticore 0.0.1'
PACKAGE_TARNAME='manticore'
PACKAGE_URL=''
PACKAGE_VERSION='0.0.1'
PATH_SEPARATOR=':'
SET_MAKE=''
SHELL='/bin/bash'
STRIP=''
VERSION='0.0.1'
ac_ct_CC='gcc'
ac_ct_CXX='g++'
am__EXEEXT_FALSE=''
am__EXEEXT_TRUE='#'
am__fastdepCC_FALSE='#'
am__fastdepCC_TRUE=''
am__fastdepCXX_FALSE='#'
am__fastdepCXX_TRUE=''
am__include='include'
am__isrc=''
am__leading_dot='.'
am__nodep='_no'
am__quote=''
am__tar='$${TAR-tar} chof - "$$tardir"'
am__untar='$${TAR-tar} xf -'
bindir='${exec_prefix}/bin'
build_alias=''
datadir='${datarootdir}'
datarootdir='${prefix}/share'
docdir='${datarootdir}/doc/${PACKAGE_TARNAME}'
dvidir='${docdir}'
exec_prefix='${prefix}'
host_alias=''
htmldir='${docdir}'
includedir='${prefix}/include'
infodir='${datarootdir}/info'
install_sh='${SHELL} /home/rain/Desktop/Manticore/install-sh'
libdir='${exec_prefix}/lib'
libexecdir='${exec_prefix}/libexec'
localedir='${datarootdir}/locale'
localstatedir='${prefix}/var'
mandir='${datarootdir}/man'
mkdir_p='$(MKDIR_P)'
oldincludedir='/usr/include'
pdfdir='${docdir}'
prefix='/usr/local'
program_transform_name='s,x,x,'
psdir='${docdir}'
runstatedir='${localstatedir}/run'
sbindir='${exec_prefix}/sbin'
sharedstatedir='${prefix}/com'
sysconfdir='${prefix}/etc'
target_alias=''

## ----------- ##
## confdefs.h. ##
## ----------- ##

/* confdefs.h */
#define PACKAGE_NAME "manticore"
#define PACKAGE_TARNAME "manticore"
#define PACKAGE_VERSION "0.0.1"
#define PACKAGE_STRING "manticore 0.0.1"
#define PACKAGE_BUGREPORT "https://github.com/noahmitch/Manticore/issues"
#define PACKAGE_URL ""
#define PACKAGE "manticore"
#define VERSION "0.0.1"
#define STDC_HEADERS 1
#define HAVE_SYS_TYPES_H 1
#define HAVE_SYS_STAT_H 1
#define HAVE_STDLIB_H 1
#define HAVE_STRING_H 1
#define HAVE_MEMORY_H 1
#define HAVE_STRINGS_H 1
#define HAVE_INTTYPES_H 1
#define HAVE_STDINT_H 1
#define HAVE_UNISTD_H 1
#define HAVE__BOOL 1

configure: exit 0
